# JRE version: Java(TM) SE Runtime Environment (17.0.9+11) (build 17.0.9+11-LTS-201)
# Java VM: Java HotSpot(TM) 64-Bit Server VM (17.0.9+11-LTS-201, mixed mode, sharing, tiered, compressed oops, compressed class ptrs, g1 gc, windows-amd64)
GC Precious Log:
 CPUs: 12 total, 12 available
 Memory: 16319M
 Large Page Support: Disabled
 NUMA Support: Disabled
 Compressed Oops: Enabled (Zero based)
 Heap Region Size: 2M
 Heap Min Capacity: 8M
 Heap Initial Capacity: 256M
 Heap Max Capacity: 4080M
 Pre-touch: Disabled
 Parallel Workers: 10
 Concurrent Workers: 3
 Concurrent Refinement Workers: 10
 Periodic GC: Disabled
Heap:
 garbage-first heap   total 96256K, used 67333K [0x0000000701000000, 0x0000000800000000)
  region size 2048K, 17 young (34816K), 3 survivors (6144K)
 Metaspace       used 81362K, committed 81920K, reserved 1179648K
  class space    used 10793K, committed 11072K, reserved 1048576K
GC Heap History (20 events):
Event: 3.098 GC heap before
{Heap before GC invocations=8 (full 0):
 garbage-first heap   total 98304K, used 26236K [0x0000000701000000, 0x0000000800000000)
  region size 2048K, 4 young (8192K), 2 survivors (4096K)
 Metaspace       used 35592K, committed 35968K, reserved 1114112K
  class space    used 4573K, committed 4736K, reserved 1048576K
}
Event: 3.101 GC heap after
{Heap after GC invocations=9 (full 0):
 garbage-first heap   total 98304K, used 24246K [0x0000000701000000, 0x0000000800000000)
  region size 2048K, 2 young (4096K), 2 survivors (4096K)
 Metaspace       used 35592K, committed 35968K, reserved 1114112K
  class space    used 4573K, committed 4736K, reserved 1048576K
}
Event: 4.668 GC heap before
{Heap before GC invocations=10 (full 0):
 garbage-first heap   total 96256K, used 71350K [0x0000000701000000, 0x0000000800000000)
  region size 2048K, 25 young (51200K), 2 survivors (4096K)
 Metaspace       used 50887K, committed 51392K, reserved 1114112K
  class space    used 6571K, committed 6784K, reserved 1048576K
}
Event: 4.673 GC heap after
{Heap after GC invocations=11 (full 0):
 garbage-first heap   total 96256K, used 28135K [0x0000000701000000, 0x0000000800000000)
  region size 2048K, 4 young (8192K), 4 survivors (8192K)
 Metaspace       used 50887K, committed 51392K, reserved 1114112K
  class space    used 6571K, committed 6784K, reserved 1048576K
}
Event: 4.713 GC heap before
{Heap before GC invocations=11 (full 0):
 garbage-first heap   total 96256K, used 30183K [0x0000000701000000, 0x0000000800000000)
  region size 2048K, 5 young (10240K), 4 survivors (8192K)
 Metaspace       used 51672K, committed 52160K, reserved 1114112K
  class space    used 6645K, committed 6848K, reserved 1048576K
}
Event: 4.718 GC heap after
{Heap after GC invocations=12 (full 0):
 garbage-first heap   total 96256K, used 28595K [0x0000000701000000, 0x0000000800000000)
  region size 2048K, 1 young (2048K), 1 survivors (2048K)
 Metaspace       used 51672K, committed 52160K, reserved 1114112K
  class space    used 6645K, committed 6848K, reserved 1048576K
}
Event: 5.327 GC heap before
{Heap before GC invocations=12 (full 0):
 garbage-first heap   total 96256K, used 69555K [0x0000000701000000, 0x0000000800000000)
  region size 2048K, 21 young (43008K), 1 survivors (2048K)
 Metaspace       used 59250K, committed 59712K, reserved 1114112K
  class space    used 7912K, committed 8128K, reserved 1048576K
}
Event: 5.329 GC heap after
{Heap after GC invocations=13 (full 0):
 garbage-first heap   total 96256K, used 29272K [0x0000000701000000, 0x0000000800000000)
  region size 2048K, 1 young (2048K), 1 survivors (2048K)
 Metaspace       used 59250K, committed 59712K, reserved 1114112K
  class space    used 7912K, committed 8128K, reserved 1048576K
}
Event: 5.476 GC heap before
{Heap before GC invocations=13 (full 0):
 garbage-first heap   total 96256K, used 29272K [0x0000000701000000, 0x0000000800000000)
  region size 2048K, 2 young (4096K), 1 survivors (2048K)
 Metaspace       used 59659K, committed 60160K, reserved 1114112K
  class space    used 7962K, committed 8192K, reserved 1048576K
}
Event: 5.478 GC heap after
{Heap after GC invocations=14 (full 0):
 garbage-first heap   total 96256K, used 29390K [0x0000000701000000, 0x0000000800000000)
  region size 2048K, 1 young (2048K), 1 survivors (2048K)
 Metaspace       used 59659K, committed 60160K, reserved 1114112K
  class space    used 7962K, committed 8192K, reserved 1048576K
}
Event: 6.515 GC heap before
{Heap before GC invocations=15 (full 0):
 garbage-first heap   total 96256K, used 72398K [0x0000000701000000, 0x0000000800000000)
  region size 2048K, 22 young (45056K), 1 survivors (2048K)
 Metaspace       used 64665K, committed 65216K, reserved 1114112K
  class space    used 8609K, committed 8896K, reserved 1048576K
}
Event: 6.518 GC heap after
{Heap after GC invocations=16 (full 0):
 garbage-first heap   total 96256K, used 32262K [0x0000000701000000, 0x0000000800000000)
  region size 2048K, 3 young (6144K), 3 survivors (6144K)
 Metaspace       used 64665K, committed 65216K, reserved 1114112K
  class space    used 8609K, committed 8896K, reserved 1048576K
}
Event: 7.044 GC heap before
{Heap before GC invocations=16 (full 0):
 garbage-first heap   total 96256K, used 73222K [0x0000000701000000, 0x0000000800000000)
  region size 2048K, 23 young (47104K), 3 survivors (6144K)
 Metaspace       used 69700K, committed 70272K, reserved 1114112K
  class space    used 9275K, committed 9536K, reserved 1048576K
}
Event: 7.049 GC heap after
{Heap after GC invocations=17 (full 0):
 garbage-first heap   total 96256K, used 36118K [0x0000000701000000, 0x0000000800000000)
  region size 2048K, 3 young (6144K), 3 survivors (6144K)
 Metaspace       used 69700K, committed 70272K, reserved 1114112K
  class space    used 9275K, committed 9536K, reserved 1048576K
}
Event: 7.405 GC heap before
{Heap before GC invocations=17 (full 0):
 garbage-first heap   total 96256K, used 72982K [0x0000000701000000, 0x0000000800000000)
  region size 2048K, 21 young (43008K), 3 survivors (6144K)
 Metaspace       used 70985K, committed 71552K, reserved 1114112K
  class space    used 9399K, committed 9664K, reserved 1048576K
}
Event: 7.409 GC heap after
{Heap after GC invocations=18 (full 0):
 garbage-first heap   total 96256K, used 38462K [0x0000000701000000, 0x0000000800000000)
  region size 2048K, 2 young (4096K), 2 survivors (4096K)
 Metaspace       used 70985K, committed 71552K, reserved 1114112K
  class space    used 9399K, committed 9664K, reserved 1048576K
}
Event: 7.977 GC heap before
{Heap before GC invocations=18 (full 0):
 garbage-first heap   total 96256K, used 75326K [0x0000000701000000, 0x0000000800000000)
  region size 2048K, 20 young (40960K), 2 survivors (4096K)
 Metaspace       used 74292K, committed 74816K, reserved 1114112K
  class space    used 9845K, committed 10112K, reserved 1048576K
}
Event: 7.980 GC heap after
{Heap after GC invocations=19 (full 0):
 garbage-first heap   total 96256K, used 40373K [0x0000000701000000, 0x0000000800000000)
  region size 2048K, 2 young (4096K), 2 survivors (4096K)
 Metaspace       used 74292K, committed 74816K, reserved 1114112K
  class space    used 9845K, committed 10112K, reserved 1048576K
}
Event: 8.453 GC heap before
{Heap before GC invocations=19 (full 0):
 garbage-first heap   total 96256K, used 77237K [0x0000000701000000, 0x0000000800000000)
  region size 2048K, 20 young (40960K), 2 survivors (4096K)
 Metaspace       used 76779K, committed 77376K, reserved 1179648K
  class space    used 10199K, committed 10496K, reserved 1048576K
}
Event: 8.457 GC heap after
{Heap after GC invocations=20 (full 0):
 garbage-first heap   total 96256K, used 42757K [0x0000000701000000, 0x0000000800000000)
  region size 2048K, 3 young (6144K), 3 survivors (6144K)
 Metaspace       used 76779K, committed 77376K, reserved 1179648K
  class space    used 10199K, committed 10496K, reserved 1048576K
}

